#
# There is insufficient memory for the Java Runtime Environment to continue.
# Native memory allocation (malloc) failed to allocate 32744 bytes for ChunkPool::allocate
# Possible reasons:
#   The system is out of physical RAM or swap space
#   The process is running with CompressedOops enabled, and the Java Heap may be blocking the growth of the native heap
# Possible solutions:
#   Reduce memory load on the system
#   Increase physical memory or swap space
#   Check if swap backing store is full
#   Decrease Java heap size (-Xmx/-Xms)
#   Decrease number of Java threads
#   Decrease Java thread stack sizes (-Xss)
#   Set larger code cache with -XX:ReservedCodeCacheSize=
#   JVM is running with Unscaled Compressed Oops mode in which the Java heap is
#     placed in the first 4GB address space. The Java Heap base address is the
#     maximum limit for the native heap growth. Please use -XX:HeapBaseMinAddress
#     to set the Java Heap base and to place the Java Heap above 4GB virtual address.
# This output file may be truncated or incomplete.
#
#  Out of Memory Error (allocation.cpp:272), pid=15232, tid=0x0000000000003bdc
#
# JRE version: OpenJDK Runtime Environment (8.0_242-b01) (build 1.8.0_242-release-1644-b01)
# Java VM: OpenJDK 64-Bit Server VM (25.242-b01 mixed mode windows-amd64 compressed oops)
# Failed to write core dump. Minidumps are not enabled by default on client versions of Windows
#

---------------  T H R E A D  ---------------

Current thread (0x0000000019931800):  JavaThread "C2 CompilerThread0" daemon [_thread_in_native, id=15324, stack(0x000000001a210000,0x000000001a310000)]

Stack: [0x000000001a210000,0x000000001a310000]
[error occurred during error reporting (printing stack bounds), id 0xc0000005]

Native frames: (J=compiled Java code, j=interpreted, Vv=VM code, C=native code)


Current CompileTask:
C2:  14490 10790 %     4       com.android.tools.r8.z.a.a.f::a @ 1743 (3630 bytes)


---------------  P R O C E S S  ---------------

Java Threads: ( => current thread )
  0x000000001cf16800 JavaThread "WorkerExecutor Queue Thread 10" [_thread_blocked, id=12364, stack(0x000000002e590000,0x000000002e690000)]
  0x000000001cf18000 JavaThread "WorkerExecutor Queue Thread 9" [_thread_blocked, id=4980, stack(0x000000002e490000,0x000000002e590000)]
  0x000000001cf0c000 JavaThread "WorkerExecutor Queue Thread 8" [_thread_blocked, id=5896, stack(0x000000002e390000,0x000000002e490000)]
  0x000000001cf12800 JavaThread "WorkerExecutor Queue Thread 7" [_thread_blocked, id=6628, stack(0x000000002e290000,0x000000002e390000)]
  0x000000001cf0f800 JavaThread "WorkerExecutor Queue Thread 6" [_thread_blocked, id=7096, stack(0x000000002e190000,0x000000002e290000)]
  0x000000001cf0b000 JavaThread "WorkerExecutor Queue Thread 5" [_thread_in_native, id=9768, stack(0x000000002de60000,0x000000002df60000)]
  0x000000001cf0e000 JavaThread "WorkerExecutor Queue Thread 4" [_thread_blocked, id=14172, stack(0x000000002dc40000,0x000000002dd40000)]
  0x000000001cf11000 JavaThread "WorkerExecutor Queue Thread 3" [_thread_blocked, id=5752, stack(0x000000002dd60000,0x000000002de60000)]
  0x000000001cf0d800 JavaThread "Cache worker for Java compile cache (C:\projectAndroidStudio\Session1GorbachevaPR395\.gradle\6.5\javaCompile)" [_thread_blocked, id=13344, stack(0x000000002d740000,0x000000002d840000)]
  0x000000001cf0c800 JavaThread "Cache worker for Java compile cache (C:\Users\РњР°СЂРіРѕ\.gradle\caches\6.5\javaCompile)" [_thread_blocked, id=13100, stack(0x000000002d140000,0x000000002d240000)]
  0x000000001cf10800 JavaThread "stdout" [_thread_in_native, id=1956, stack(0x000000002d440000,0x000000002d540000)]
  0x000000001cf0f000 JavaThread "stderr" [_thread_in_native, id=10152, stack(0x000000002d340000,0x000000002d440000)]
  0x000000001cf12000 JavaThread "pool-2-thread-1" [_thread_blocked, id=13548, stack(0x000000002d240000,0x000000002d340000)]
  0x00000000202a9800 JavaThread "WorkerExecutor Queue" [_thread_blocked, id=2580, stack(0x000000002d040000,0x000000002d140000)]
  0x00000000202a9000 JavaThread "Cache worker for execution history cache (C:\projectAndroidStudio\Session1GorbachevaPR395\.gradle\6.5\executionHistory)" [_thread_blocked, id=13316, stack(0x000000002c840000,0x000000002c940000)]
  0x00000000202aa800 JavaThread "Execution worker for ':' Thread 7" [_thread_blocked, id=7024, stack(0x000000002c740000,0x000000002c840000)]
  0x00000000202a8000 JavaThread "Execution worker for ':' Thread 6" [_thread_blocked, id=13760, stack(0x000000002c640000,0x000000002c740000)]
  0x00000000202a1800 JavaThread "Execution worker for ':' Thread 5" [_thread_blocked, id=14652, stack(0x000000002c540000,0x000000002c640000)]
  0x00000000202a7800 JavaThread "Execution worker for ':' Thread 4" [_thread_blocked, id=2612, stack(0x000000002c440000,0x000000002c540000)]
  0x00000000202a6800 JavaThread "Execution worker for ':' Thread 3" [_thread_blocked, id=12972, stack(0x000000002c340000,0x000000002c440000)]
  0x000000002029f000 JavaThread "Execution worker for ':' Thread 2" [_thread_blocked, id=5728, stack(0x000000002c240000,0x000000002c340000)]
  0x00000000202a5000 JavaThread "Execution worker for ':'" [_thread_blocked, id=1748, stack(0x000000002c140000,0x000000002c240000)]
  0x00000000202a0000 JavaThread "Cache worker for file content cache (C:\projectAndroidStudio\Session1GorbachevaPR395\.gradle\6.5\fileContent)" [_thread_blocked, id=10976, stack(0x000000002a800000,0x000000002a900000)]
  0x00000000202a4800 JavaThread "Memory manager" [_thread_blocked, id=11476, stack(0x000000002a0e0000,0x000000002a1e0000)]
  0x00000000202a0800 JavaThread "Cache worker for Build Output Cleanup Cache (C:\projectAndroidStudio\Session1GorbachevaPR395\.gradle\buildOutputCleanup)" [_thread_blocked, id=7296, stack(0x00000000287a0000,0x00000000288a0000)]
  0x00000000202a3800 JavaThread "jar transforms Thread 92" [_thread_blocked, id=7468, stack(0x00000000286a0000,0x00000000287a0000)]
  0x00000000202a3000 JavaThread "jar transforms Thread 91" [_thread_blocked, id=13872, stack(0x00000000285a0000,0x00000000286a0000)]
  0x000000002029b800 JavaThread "jar transforms Thread 90" [_thread_blocked, id=1924, stack(0x00000000284a0000,0x00000000285a0000)]
  0x000000002029d800 JavaThread "jar transforms Thread 89" [_thread_blocked, id=12412, stack(0x00000000283a0000,0x00000000284a0000)]
  0x000000002029d000 JavaThread "jar transforms Thread 88" [_thread_blocked, id=1416, stack(0x00000000282a0000,0x00000000283a0000)]
  0x00000000202a2000 JavaThread "jar transforms Thread 87" [_thread_blocked, id=8504, stack(0x00000000281a0000,0x00000000282a0000)]
  0x000000002029e800 JavaThread "jar transforms Thread 86" [_thread_blocked, id=14316, stack(0x00000000280a0000,0x00000000281a0000)]
  0x000000002029c000 JavaThread "jar transforms Thread 85" [_thread_blocked, id=13924, stack(0x0000000027fa0000,0x00000000280a0000)]
  0x000000001fe3f000 JavaThread "jar transforms Thread 84" [_thread_blocked, id=5980, stack(0x0000000027ea0000,0x0000000027fa0000)]
  0x000000001fe40000 JavaThread "jar transforms Thread 83" [_thread_blocked, id=11768, stack(0x0000000027da0000,0x0000000027ea0000)]
  0x000000001fe3e800 JavaThread "jar transforms Thread 82" [_thread_blocked, id=10796, stack(0x0000000027ca0000,0x0000000027da0000)]
  0x000000001fe3d800 JavaThread "jar transforms Thread 81" [_thread_blocked, id=2692, stack(0x0000000027ba0000,0x0000000027ca0000)]
  0x000000001fe3d000 JavaThread "jar transforms Thread 80" [_thread_blocked, id=10220, stack(0x0000000027aa0000,0x0000000027ba0000)]
  0x000000001fe3c000 JavaThread "jar transforms Thread 79" [_thread_blocked, id=14492, stack(0x00000000279a0000,0x0000000027aa0000)]
  0x000000001fe3b800 JavaThread "jar transforms Thread 78" [_thread_blocked, id=5376, stack(0x00000000278a0000,0x00000000279a0000)]
  0x000000001fe34000 JavaThread "jar transforms Thread 77" [_thread_blocked, id=4228, stack(0x00000000277a0000,0x00000000278a0000)]
  0x000000001fe3a800 JavaThread "jar transforms Thread 76" [_thread_blocked, id=7184, stack(0x00000000276a0000,0x00000000277a0000)]
  0x000000001fe3a000 JavaThread "jar transforms Thread 75" [_thread_blocked, id=3936, stack(0x00000000275a0000,0x00000000276a0000)]
  0x000000001fe39000 JavaThread "jar transforms Thread 74" [_thread_blocked, id=6328, stack(0x00000000274a0000,0x00000000275a0000)]
  0x000000001fe37800 JavaThread "jar transforms Thread 73" [_thread_blocked, id=4868, stack(0x00000000273a0000,0x00000000274a0000)]
  0x000000001fe33000 JavaThread "jar transforms Thread 72" [_thread_blocked, id=12120, stack(0x00000000272a0000,0x00000000273a0000)]
  0x000000001fe38800 JavaThread "jar transforms Thread 71" [_thread_blocked, id=12820, stack(0x00000000271a0000,0x00000000272a0000)]
  0x000000001fe37000 JavaThread "jar transforms Thread 70" [_thread_blocked, id=7804, stack(0x00000000270a0000,0x00000000271a0000)]
  0x000000001fe36000 JavaThread "jar transforms Thread 69" [_thread_blocked, id=7360, stack(0x0000000026fa0000,0x00000000270a0000)]
  0x000000001fe34800 JavaThread "jar transforms Thread 68" [_thread_blocked, id=14904, stack(0x0000000026ea0000,0x0000000026fa0000)]
  0x000000001fe31800 JavaThread "jar transforms Thread 67" [_thread_blocked, id=9004, stack(0x0000000026da0000,0x0000000026ea0000)]
  0x000000001fe32800 JavaThread "jar transforms Thread 66" [_thread_blocked, id=6684, stack(0x0000000026ca0000,0x0000000026da0000)]
  0x000000001fe31000 JavaThread "jar transforms Thread 65" [_thread_blocked, id=1328, stack(0x0000000026ba0000,0x0000000026ca0000)]
  0x000000001fe35800 JavaThread "jar transforms Thread 64" [_thread_blocked, id=13984, stack(0x0000000026aa0000,0x0000000026ba0000)]
  0x00000000206ab000 JavaThread "jar transforms Thread 63" [_thread_blocked, id=4784, stack(0x00000000269a0000,0x0000000026aa0000)]
  0x00000000206b0800 JavaThread "jar transforms Thread 62" [_thread_blocked, id=1008, stack(0x00000000268a0000,0x00000000269a0000)]
  0x00000000206af800 JavaThread "jar transforms Thread 61" [_thread_blocked, id=4992, stack(0x00000000267a0000,0x00000000268a0000)]
  0x00000000206af000 JavaThread "jar transforms Thread 60" [_thread_blocked, id=1604, stack(0x00000000266a0000,0x00000000267a0000)]
  0x00000000206aa800 JavaThread "jar transforms Thread 59" [_thread_blocked, id=1992, stack(0x00000000265a0000,0x00000000266a0000)]
  0x00000000206ae000 JavaThread "jar transforms Thread 58" [_thread_blocked, id=7796, stack(0x00000000264a0000,0x00000000265a0000)]
  0x00000000206ad800 JavaThread "jar transforms Thread 57" [_thread_blocked, id=14788, stack(0x00000000263a0000,0x00000000264a0000)]
  0x00000000206a7800 JavaThread "jar transforms Thread 56" [_thread_blocked, id=9644, stack(0x00000000262a0000,0x00000000263a0000)]
  0x00000000206ac800 JavaThread "jar transforms Thread 55" [_thread_blocked, id=6992, stack(0x00000000261a0000,0x00000000262a0000)]
  0x00000000206a6800 JavaThread "jar transforms Thread 54" [_thread_blocked, id=15088, stack(0x00000000260a0000,0x00000000261a0000)]
  0x00000000206ac000 JavaThread "jar transforms Thread 53" [_thread_blocked, id=2380, stack(0x0000000025fa0000,0x00000000260a0000)]
  0x00000000206a9800 JavaThread "jar transforms Thread 52" [_thread_blocked, id=13920, stack(0x0000000025ea0000,0x0000000025fa0000)]
  0x00000000206a3000 JavaThread "jar transforms Thread 51" [_thread_blocked, id=9860, stack(0x0000000025da0000,0x0000000025ea0000)]
  0x00000000206a5000 JavaThread "jar transforms Thread 50" [_thread_blocked, id=1204, stack(0x0000000025ca0000,0x0000000025da0000)]
  0x00000000206a9000 JavaThread "jar transforms Thread 49" [_thread_blocked, id=5024, stack(0x0000000025ba0000,0x0000000025ca0000)]
  0x00000000206a4800 JavaThread "jar transforms Thread 48" [_thread_blocked, id=5840, stack(0x0000000025aa0000,0x0000000025ba0000)]
  0x00000000206a8000 JavaThread "jar transforms Thread 47" [_thread_blocked, id=5520, stack(0x00000000259a0000,0x0000000025aa0000)]
  0x00000000206a3800 JavaThread "jar transforms Thread 46" [_thread_blocked, id=13828, stack(0x00000000258a0000,0x00000000259a0000)]
  0x00000000206a6000 JavaThread "jar transforms Thread 45" [_thread_blocked, id=15116, stack(0x00000000257a0000,0x00000000258a0000)]
  0x00000000206a2000 JavaThread "jar transforms Thread 44" [_thread_blocked, id=7072, stack(0x00000000256a0000,0x00000000257a0000)]
  0x00000000206a1800 JavaThread "jar transforms Thread 43" [_thread_blocked, id=14060, stack(0x00000000255a0000,0x00000000256a0000)]
  0x0000000020726800 JavaThread "jar transforms Thread 42" [_thread_blocked, id=1220, stack(0x00000000254a0000,0x00000000255a0000)]
  0x0000000020726000 JavaThread "jar transforms Thread 41" [_thread_blocked, id=9484, stack(0x00000000253a0000,0x00000000254a0000)]
  0x0000000020724800 JavaThread "jar transforms Thread 40" [_thread_blocked, id=2512, stack(0x00000000252a0000,0x00000000253a0000)]
  0x0000000020725000 JavaThread "jar transforms Thread 39" [_thread_blocked, id=3960, stack(0x00000000251a0000,0x00000000252a0000)]
  0x0000000020720800 JavaThread "jar transforms Thread 38" [_thread_blocked, id=708, stack(0x00000000250a0000,0x00000000251a0000)]
  0x0000000020723800 JavaThread "jar transforms Thread 37" [_thread_blocked, id=11736, stack(0x0000000024fa0000,0x00000000250a0000)]
  0x0000000020720000 JavaThread "jar transforms Thread 36" [_thread_blocked, id=10316, stack(0x0000000024ea0000,0x0000000024fa0000)]
  0x0000000020721800 JavaThread "jar transforms Thread 35" [_thread_blocked, id=6348, stack(0x0000000024da0000,0x0000000024ea0000)]
  0x0000000020723000 JavaThread "jar transforms Thread 34" [_thread_blocked, id=11776, stack(0x0000000024ca0000,0x0000000024da0000)]
  0x0000000020722000 JavaThread "jar transforms Thread 33" [_thread_blocked, id=12396, stack(0x00000000248f0000,0x00000000249f0000)]
  0x000000002071d800 JavaThread "jar transforms Thread 32" [_thread_blocked, id=12444, stack(0x0000000024ba0000,0x0000000024ca0000)]
  0x0000000020718000 JavaThread "jar transforms Thread 31" [_thread_blocked, id=4828, stack(0x0000000024aa0000,0x0000000024ba0000)]
  0x000000002071c000 JavaThread "jar transforms Thread 30" [_thread_blocked, id=8416, stack(0x00000000247f0000,0x00000000248f0000)]
  0x000000002071c800 JavaThread "jar transforms Thread 29" [_thread_blocked, id=2732, stack(0x00000000246f0000,0x00000000247f0000)]
  0x0000000020719000 JavaThread "jar transforms Thread 28" [_thread_blocked, id=14192, stack(0x00000000245f0000,0x00000000246f0000)]
  0x000000002071b000 JavaThread "jar transforms Thread 27" [_thread_blocked, id=10840, stack(0x00000000244f0000,0x00000000245f0000)]
  0x000000002071f000 JavaThread "jar transforms Thread 26" [_thread_blocked, id=3696, stack(0x00000000243f0000,0x00000000244f0000)]
  0x0000000020719800 JavaThread "jar transforms Thread 25" [_thread_blocked, id=6032, stack(0x00000000242f0000,0x00000000243f0000)]
  0x0000000020717800 JavaThread "jar transforms Thread 24" [_thread_blocked, id=7944, stack(0x00000000241f0000,0x00000000242f0000)]
  0x000000002071a800 JavaThread "jar transforms Thread 23" [_thread_blocked, id=4808, stack(0x00000000240f0000,0x00000000241f0000)]
  0x000000002071e000 JavaThread "jar transforms Thread 22" [_thread_blocked, id=14412, stack(0x0000000023ff0000,0x00000000240f0000)]
  0x000000001eb55000 JavaThread "jar transforms Thread 21" [_thread_blocked, id=15012, stack(0x0000000023ef0000,0x0000000023ff0000)]
  0x000000001eb54000 JavaThread "jar transforms Thread 20" [_thread_blocked, id=13432, stack(0x0000000023df0000,0x0000000023ef0000)]
  0x000000001eb53800 JavaThread "jar transforms Thread 19" [_thread_blocked, id=11716, stack(0x0000000023cf0000,0x0000000023df0000)]
  0x000000001eb52800 JavaThread "jar transforms Thread 18" [_thread_blocked, id=14436, stack(0x0000000023bf0000,0x0000000023cf0000)]
  0x000000001eb52000 JavaThread "jar transforms Thread 17" [_thread_blocked, id=5136, stack(0x0000000023af0000,0x0000000023bf0000)]
  0x000000001eb57000 JavaThread "jar transforms Thread 16" [_thread_blocked, id=10824, stack(0x00000000239f0000,0x0000000023af0000)]
  0x000000001eb51000 JavaThread "jar transforms Thread 15" [_thread_blocked, id=2504, stack(0x00000000238f0000,0x00000000239f0000)]
  0x000000001eb50800 JavaThread "jar transforms Thread 14" [_thread_blocked, id=5952, stack(0x00000000237f0000,0x00000000238f0000)]
  0x000000001eb56800 JavaThread "jar transforms Thread 13" [_thread_blocked, id=13360, stack(0x00000000236f0000,0x00000000237f0000)]
  0x000000001eb55800 JavaThread "jar transforms Thread 12" [_thread_blocked, id=11532, stack(0x00000000235f0000,0x00000000236f0000)]
  0x000000001c9b6800 JavaThread "jar transforms Thread 11" [_thread_blocked, id=9640, stack(0x00000000234f0000,0x00000000235f0000)]
  0x000000001c9b5800 JavaThread "jar transforms Thread 10" [_thread_blocked, id=10224, stack(0x00000000233f0000,0x00000000234f0000)]
  0x000000001c9b5000 JavaThread "jar transforms Thread 9" [_thread_blocked, id=10404, stack(0x0000000022f40000,0x0000000023040000)]
  0x000000001c9b7000 JavaThread "jar transforms Thread 8" [_thread_blocked, id=12880, stack(0x00000000232f0000,0x00000000233f0000)]
  0x000000001c9b4000 JavaThread "jar transforms Thread 7" [_thread_blocked, id=9964, stack(0x00000000231f0000,0x00000000232f0000)]
  0x000000001c9b3800 JavaThread "jar transforms Thread 6" [_thread_blocked, id=13552, stack(0x00000000230f0000,0x00000000231f0000)]
  0x000000001c9ac800 JavaThread "jar transforms Thread 5" [_thread_blocked, id=6104, stack(0x0000000022e40000,0x0000000022f40000)]
  0x000000001c9ac000 JavaThread "jar transforms Thread 4" [_thread_blocked, id=11912, stack(0x0000000022d40000,0x0000000022e40000)]
  0x000000001c9af000 JavaThread "jar transforms Thread 3" [_thread_blocked, id=12224, stack(0x0000000022c40000,0x0000000022d40000)]
  0x000000001c9b2800 JavaThread "jar transforms Thread 2" [_thread_blocked, id=4220, stack(0x0000000022b40000,0x0000000022c40000)]
  0x000000001c9b2000 JavaThread "Build operations Thread 8" [_thread_blocked, id=6384, stack(0x0000000022940000,0x0000000022a40000)]
  0x000000001c9ad800 JavaThread "Build operations Thread 7" [_thread_blocked, id=1952, stack(0x0000000022840000,0x0000000022940000)]
  0x000000001c9b1000 JavaThread "Build operations Thread 6" [_thread_blocked, id=13812, stack(0x0000000022740000,0x0000000022840000)]
  0x000000001c9af800 JavaThread "Build operations Thread 5" [_thread_blocked, id=13844, stack(0x0000000022640000,0x0000000022740000)]
  0x000000001c9b0800 JavaThread "Build operations Thread 4" [_thread_blocked, id=14768, stack(0x0000000022540000,0x0000000022640000)]
  0x000000001c9a8800 JavaThread "Build operations Thread 3" [_thread_blocked, id=3172, stack(0x0000000022440000,0x0000000022540000)]
  0x000000001c9ab000 JavaThread "Build operations Thread 2" [_thread_blocked, id=13272, stack(0x0000000022340000,0x0000000022440000)]
  0x000000001c9aa000 JavaThread "Build operations" [_thread_blocked, id=11000, stack(0x0000000022240000,0x0000000022340000)]
  0x000000001c1dc800 JavaThread "Cache worker for file content cache (C:\Users\РњР°СЂРіРѕ\.gradle\caches\6.5\fileContent)" [_thread_blocked, id=784, stack(0x0000000021b40000,0x0000000021c40000)]
  0x000000001c1dc000 JavaThread "jar transforms" [_thread_blocked, id=864, stack(0x0000000021a40000,0x0000000021b40000)]
  0x000000001c1de000 JavaThread "Cache worker for execution history cache (C:\Users\РњР°СЂРіРѕ\.gradle\caches\6.5\executionHistory)" [_thread_blocked, id=8776, stack(0x0000000021340000,0x0000000021440000)]
  0x000000001c1df000 JavaThread "Cache worker for cache directory md-rule (C:\Users\РњР°СЂРіРѕ\.gradle\caches\6.5\md-rule)" [_thread_blocked, id=8936, stack(0x0000000021240000,0x0000000021340000)]
  0x000000001c1db000 JavaThread "Cache worker for cache directory md-supplier (C:\Users\РњР°СЂРіРѕ\.gradle\caches\6.5\md-supplier)" [_thread_blocked, id=14072, stack(0x0000000021140000,0x0000000021240000)]
  0x000000001c1d9800 JavaThread "Cache worker for checksums cache (C:\projectAndroidStudio\Session1GorbachevaPR395\.gradle\checksums)" [_thread_blocked, id=6964, stack(0x0000000020ae0000,0x0000000020be0000)]
  0x000000001c1dd800 JavaThread "Cache worker for file hash cache (C:\projectAndroidStudio\Session1GorbachevaPR395\.gradle\6.5\fileHashes)" [_thread_blocked, id=10780, stack(0x0000000020e40000,0x0000000020f40000)]
  0x000000001c1da800 JavaThread "Cache worker for file hash cache (C:\Users\РњР°СЂРіРѕ\.gradle\caches\6.5\fileHashes)" [_thread_blocked, id=10340, stack(0x000000001e840000,0x000000001e940000)]
  0x000000001c1d9000 JavaThread "File lock request listener" [_thread_in_native, id=14852, stack(0x000000001e740000,0x000000001e840000)]
  0x000000001c2bd800 JavaThread "Cache worker for journal cache (C:\Users\РњР°СЂРіРѕ\.gradle\caches\journal-1)" [_thread_blocked, id=6704, stack(0x000000001e640000,0x000000001e740000)]
  0x000000001bbd3000 JavaThread "Thread-9" [_thread_blocked, id=12344, stack(0x000000001e340000,0x000000001e440000)]
  0x000000001bbd1800 JavaThread "Stdin handler" [_thread_blocked, id=13604, stack(0x000000001e240000,0x000000001e340000)]
  0x000000001c1fe800 JavaThread "Asynchronous log dispatcher for DefaultDaemonConnection: socket connection from /127.0.0.1:51990 to /127.0.0.1:51991" [_thread_blocked, id=14484, stack(0x000000001e140000,0x000000001e240000)]
  0x000000001c273000 JavaThread "Daemon worker" [_thread_in_vm, id=14824, stack(0x000000001e040000,0x000000001e140000)]
  0x000000001c1fd000 JavaThread "Cancel handler" [_thread_blocked, id=12216, stack(0x000000001df40000,0x000000001e040000)]
  0x000000001b00d000 JavaThread "Handler for socket connection from /127.0.0.1:51990 to /127.0.0.1:51991" [_thread_in_native, id=11968, stack(0x000000001de40000,0x000000001df40000)]
  0x000000001b00a000 JavaThread "Daemon" [_thread_blocked, id=4176, stack(0x000000001dd40000,0x000000001de40000)]
  0x000000001c133800 JavaThread "Daemon periodic checks" [_thread_blocked, id=11176, stack(0x000000001da40000,0x000000001db40000)]
  0x000000001c136000 JavaThread "Incoming local TCP Connector on port 51990" [_thread_in_native, id=9556, stack(0x000000001d7f0000,0x000000001d8f0000)]
  0x000000001c0a2000 JavaThread "Daemon health stats" [_thread_blocked, id=7064, stack(0x000000001d1b0000,0x000000001d2b0000)]
  0x00000000199cd800 JavaThread "Service Thread" daemon [_thread_blocked, id=7712, stack(0x000000001a610000,0x000000001a710000)]
  0x000000001993d000 JavaThread "C1 CompilerThread3" daemon [_thread_in_vm, id=12028, stack(0x000000001a510000,0x000000001a610000)]
  0x0000000017b3e000 JavaThread "C2 CompilerThread2" daemon [_thread_in_native, id=7976, stack(0x000000001a410000,0x000000001a510000)]
  0x0000000017b3c000 JavaThread "C2 CompilerThread1" daemon [_thread_in_native, id=9024, stack(0x000000001a310000,0x000000001a410000)]
=>0x0000000019931800 JavaThread "C2 CompilerThread0" daemon [_thread_in_native, id=15324, stack(0x000000001a210000,0x000000001a310000)]
  0x0000000019930800 JavaThread "Attach Listener" daemon [_thread_blocked, id=10088, stack(0x000000001a110000,0x000000001a210000)]
  0x000000001992f800 JavaThread "Signal Dispatcher" daemon [_thread_blocked, id=4816, stack(0x000000001a010000,0x000000001a110000)]
  0x0000000019920800 JavaThread "Finalizer" daemon [_thread_blocked, id=11160, stack(0x0000000019e00000,0x0000000019f00000)]
  0x0000000017b2b800 JavaThread "Reference Handler" daemon [_thread_blocked, id=3208, stack(0x0000000019d00000,0x0000000019e00000)]
  0x0000000000ecd800 JavaThread "main" [_thread_blocked, id=7084, stack(0x00000000027c0000,0x00000000028c0000)]

Other Threads:
  0x0000000017b26000 VMThread [stack: 0x0000000019800000,0x0000000019900000] [id=13036]
  0x00000000199ce000 WatcherThread [stack: 0x000000001a710000,0x000000001a810000] [id=12332]

VM state:not at safepoint (normal execution)

VM Mutex/Monitor currently owned by a thread:  ([mutex/lock_event])
[0x00000000029c0450] MethodData_lock - owner thread: 0x000000001cf0b000

heap address: 0x0000000080000000, size: 2048 MB, Compressed Oops mode: 32-bit
Narrow klass base: 0x0000000000000000, Narrow klass shift: 3
Compressed class space size: 1073741824 Address: 0x0000000100000000

Heap:
 PSYoungGen      total 356864K, used 202717K [0x00000000d5580000, 0x00000000efc80000, 0x0000000100000000)
  eden space 331264K, 56% used [0x00000000d5580000,0x00000000e0da1530,0x00000000e9900000)
  from space 25600K, 55% used [0x00000000e9900000,0x00000000ea6d5f20,0x00000000eb200000)
  to   space 25600K, 0% used [0x00000000ee380000,0x00000000ee380000,0x00000000efc80000)
 ParOldGen       total 95744K, used 52999K [0x0000000080000000, 0x0000000085d80000, 0x00000000d5580000)
  object space 95744K, 55% used [0x0000000080000000,0x00000000833c1d08,0x0000000085d80000)
 Metaspace       used 86077K, capacity 92380K, committed 92568K, reserved 1128448K
  class space    used 12126K, capacity 13380K, committed 13488K, reserved 1048576K

Card table byte_map: [0x0000000011e80000,0x0000000012290000] byte_map_base: 0x0000000011a80000

Marking Bits: (ParMarkBitMap*) 0x000000006140f030
 Begin Bits: [0x0000000012d40000, 0x0000000014d40000)
 End Bits:   [0x0000000014d40000, 0x0000000016d40000)

Polling page: 0x0000000000f70000

CodeCache: size=245760Kb used=30384Kb max_used=30384Kb free=215375Kb
 bounds [0x0000000002ac0000, 0x0000000004890000, 0x0000000011ac0000]
 total_blobs=11038 nmethods=10179 adapters=772
 compilation: enabled

Compilation events (10 events):
Event: 14.481 Thread 0x000000001993d000 11975       3       org.gradle.internal.execution.history.changes.IncrementalInputProperties$1::nonIncrementalChanges (10 bytes)
Event: 14.481 Thread 0x000000001993d000 nmethod 11975 0x00000000048867d0 code [0x0000000004886940, 0x0000000004886c50]
Event: 14.481 Thread 0x000000001993d000 11979       3       com.google.common.collect.ImmutableSortedMap::copyOfSorted (48 bytes)
Event: 14.483 Thread 0x000000001993d000 nmethod 11979 0x0000000004886dd0 code [0x0000000004887040, 0x00000000048881b8]
Event: 14.483 Thread 0x000000001993d000 11980       1       com.google.common.cache.CacheBuilder$1::recordMisses (1 bytes)
Event: 14.483 Thread 0x000000001993d000 nmethod 11980 0x00000000045867d0 code [0x0000000004586920, 0x0000000004586a30]
Event: 14.483 Thread 0x000000001993d000 11981       1       com.google.common.collect.ImmutableSortedMap::of (4 bytes)
Event: 14.484 Thread 0x000000001993d000 nmethod 11981 0x0000000004888a90 code [0x0000000004888be0, 0x0000000004888cd0]
Event: 14.489 Thread 0x000000001993d000 11982   !   3       com.android.tools.r8.BaseCommand$Builder::a (25 bytes)
Event: 14.489 Thread 0x000000001993d000 nmethod 11982 0x0000000004888d50 code [0x0000000004888f00, 0x0000000004889618]

GC Heap History (10 events):
Event: 5.272 GC heap before
{Heap before GC invocations=12 (full 2):
 PSYoungGen      total 201728K, used 189440K [0x00000000d5580000, 0x00000000e6900000, 0x0000000100000000)
  eden space 189440K, 100% used [0x00000000d5580000,0x00000000e0e80000,0x00000000e0e80000)
  from space 12288K, 0% used [0x00000000e0e80000,0x00000000e0e80000,0x00000000e1a80000)
  to   space 13312K, 0% used [0x00000000e5c00000,0x00000000e5c00000,0x00000000e6900000)
 ParOldGen       total 59392K, used 16010K [0x0000000080000000, 0x0000000083a00000, 0x00000000d5580000)
  object space 59392K, 26% used [0x0000000080000000,0x0000000080fa2868,0x0000000083a00000)
 Metaspace       used 45383K, capacity 47184K, committed 47528K, reserved 1089536K
  class space    used 6150K, capacity 6500K, committed 6576K, reserved 1048576K
Event: 5.286 GC heap after
Heap after GC invocations=12 (full 2):
 PSYoungGen      total 266752K, used 13298K [0x00000000d5580000, 0x00000000e7000000, 0x0000000100000000)
  eden space 253440K, 0% used [0x00000000d5580000,0x00000000d5580000,0x00000000e4d00000)
  from space 13312K, 99% used [0x00000000e5c00000,0x00000000e68fca60,0x00000000e6900000)
  to   space 15360K, 0% used [0x00000000e4d00000,0x00000000e4d00000,0x00000000e5c00000)
 ParOldGen       total 59392K, used 17641K [0x0000000080000000, 0x0000000083a00000, 0x00000000d5580000)
  object space 59392K, 29% used [0x0000000080000000,0x000000008113a5b8,0x0000000083a00000)
 Metaspace       used 45383K, capacity 47184K, committed 47528K, reserved 1089536K
  class space    used 6150K, capacity 6500K, committed 6576K, reserved 1048576K
}
Event: 6.828 GC heap before
{Heap before GC invocations=13 (full 2):
 PSYoungGen      total 266752K, used 155505K [0x00000000d5580000, 0x00000000e7000000, 0x0000000100000000)
  eden space 253440K, 56% used [0x00000000d5580000,0x00000000de05fc20,0x00000000e4d00000)
  from space 13312K, 99% used [0x00000000e5c00000,0x00000000e68fca60,0x00000000e6900000)
  to   space 15360K, 0% used [0x00000000e4d00000,0x00000000e4d00000,0x00000000e5c00000)
 ParOldGen       total 59392K, used 17641K [0x0000000080000000, 0x0000000083a00000, 0x00000000d5580000)
  object space 59392K, 29% used [0x0000000080000000,0x000000008113a5b8,0x0000000083a00000)
 Metaspace       used 56742K, capacity 59076K, committed 59160K, reserved 1099776K
  class space    used 7776K, capacity 8223K, committed 8240K, reserved 1048576K
Event: 6.852 GC heap after
Heap after GC invocations=13 (full 2):
 PSYoungGen      total 268800K, used 15337K [0x00000000d5580000, 0x00000000ecb00000, 0x0000000100000000)
  eden space 253440K, 0% used [0x00000000d5580000,0x00000000d5580000,0x00000000e4d00000)
  from space 15360K, 99% used [0x00000000e4d00000,0x00000000e5bfa6c0,0x00000000e5c00000)
  to   space 20992K, 0% used [0x00000000eb680000,0x00000000eb680000,0x00000000ecb00000)
 ParOldGen       total 59392K, used 27034K [0x0000000080000000, 0x0000000083a00000, 0x00000000d5580000)
  object space 59392K, 45% used [0x0000000080000000,0x0000000081a66898,0x0000000083a00000)
 Metaspace       used 56742K, capacity 59076K, committed 59160K, reserved 1099776K
  class space    used 7776K, capacity 8223K, committed 8240K, reserved 1048576K
}
Event: 6.852 GC heap before
{Heap before GC invocations=14 (full 3):
 PSYoungGen      total 268800K, used 15337K [0x00000000d5580000, 0x00000000ecb00000, 0x0000000100000000)
  eden space 253440K, 0% used [0x00000000d5580000,0x00000000d5580000,0x00000000e4d00000)
  from space 15360K, 99% used [0x00000000e4d00000,0x00000000e5bfa6c0,0x00000000e5c00000)
  to   space 20992K, 0% used [0x00000000eb680000,0x00000000eb680000,0x00000000ecb00000)
 ParOldGen       total 59392K, used 27034K [0x0000000080000000, 0x0000000083a00000, 0x00000000d5580000)
  object space 59392K, 45% used [0x0000000080000000,0x0000000081a66898,0x0000000083a00000)
 Metaspace       used 56742K, capacity 59076K, committed 59160K, reserved 1099776K
  class space    used 7776K, capacity 8223K, committed 8240K, reserved 1048576K
Event: 7.053 GC heap after
Heap after GC invocations=14 (full 3):
 PSYoungGen      total 268800K, used 0K [0x00000000d5580000, 0x00000000ecb00000, 0x0000000100000000)
  eden space 253440K, 0% used [0x00000000d5580000,0x00000000d5580000,0x00000000e4d00000)
  from space 15360K, 0% used [0x00000000e4d00000,0x00000000e4d00000,0x00000000e5c00000)
  to   space 20992K, 0% used [0x00000000eb680000,0x00000000eb680000,0x00000000ecb00000)
 ParOldGen       total 95744K, used 36517K [0x0000000080000000, 0x0000000085d80000, 0x00000000d5580000)
  object space 95744K, 38% used [0x0000000080000000,0x00000000823a9580,0x0000000085d80000)
 Metaspace       used 56696K, capacity 58920K, committed 59160K, reserved 1099776K
  class space    used 7762K, capacity 8197K, committed 8240K, reserved 1048576K
}
Event: 10.442 GC heap before
{Heap before GC invocations=15 (full 3):
 PSYoungGen      total 268800K, used 253431K [0x00000000d5580000, 0x00000000ecb00000, 0x0000000100000000)
  eden space 253440K, 99% used [0x00000000d5580000,0x00000000e4cfdc60,0x00000000e4d00000)
  from space 15360K, 0% used [0x00000000e4d00000,0x00000000e4d00000,0x00000000e5c00000)
  to   space 20992K, 0% used [0x00000000eb680000,0x00000000eb680000,0x00000000ecb00000)
 ParOldGen       total 95744K, used 36517K [0x0000000080000000, 0x0000000085d80000, 0x00000000d5580000)
  object space 95744K, 38% used [0x0000000080000000,0x00000000823a9580,0x0000000085d80000)
 Metaspace       used 67758K, capacity 71218K, committed 71448K, reserved 1110016K
  class space    used 9331K, capacity 9980K, committed 10032K, reserved 1048576K
Event: 10.464 GC heap after
Heap after GC invocations=15 (full 3):
 PSYoungGen      total 334848K, used 20985K [0x00000000d5580000, 0x00000000ecb00000, 0x0000000100000000)
  eden space 313856K, 0% used [0x00000000d5580000,0x00000000d5580000,0x00000000e8800000)
  from space 20992K, 99% used [0x00000000eb680000,0x00000000ecafe638,0x00000000ecb00000)
  to   space 25600K, 0% used [0x00000000e9900000,0x00000000e9900000,0x00000000eb200000)
 ParOldGen       total 95744K, used 40435K [0x0000000080000000, 0x0000000085d80000, 0x00000000d5580000)
  object space 95744K, 42% used [0x0000000080000000,0x000000008277cca8,0x0000000085d80000)
 Metaspace       used 67758K, capacity 71218K, committed 71448K, reserved 1110016K
  class space    used 9331K, capacity 9980K, committed 10032K, reserved 1048576K
}
Event: 13.023 GC heap before
{Heap before GC invocations=16 (full 3):
 PSYoungGen      total 334848K, used 334841K [0x00000000d5580000, 0x00000000ecb00000, 0x0000000100000000)
  eden space 313856K, 100% used [0x00000000d5580000,0x00000000e8800000,0x00000000e8800000)
  from space 20992K, 99% used [0x00000000eb680000,0x00000000ecafe638,0x00000000ecb00000)
  to   space 25600K, 0% used [0x00000000e9900000,0x00000000e9900000,0x00000000eb200000)
 ParOldGen       total 95744K, used 40435K [0x0000000080000000, 0x0000000085d80000, 0x00000000d5580000)
  object space 95744K, 42% used [0x0000000080000000,0x000000008277cca8,0x0000000085d80000)
 Metaspace       used 75707K, capacity 79614K, committed 79640K, reserved 1118208K
  class space    used 10349K, capacity 11035K, committed 11056K, reserved 1048576K
Event: 13.051 GC heap after
Heap after GC invocations=16 (full 3):
 PSYoungGen      total 356864K, used 14167K [0x00000000d5580000, 0x00000000efc80000, 0x0000000100000000)
  eden space 331264K, 0% used [0x00000000d5580000,0x00000000d5580000,0x00000000e9900000)
  from space 25600K, 55% used [0x00000000e9900000,0x00000000ea6d5f20,0x00000000eb200000)
  to   space 25600K, 0% used [0x00000000ee380000,0x00000000ee380000,0x00000000efc80000)
 ParOldGen       total 95744K, used 52999K [0x0000000080000000, 0x0000000085d80000, 0x00000000d5580000)
  object space 95744K, 55% used [0x0000000080000000,0x00000000833c1d08,0x0000000085d80000)
 Metaspace       used 75707K, capacity 79614K, committed 79640K, reserved 1118208K
  class space    used 10349K, capacity 11035K, committed 11056K, reserved 1048576K
}

Deoptimization events (10 events):
Event: 14.304 Thread 0x00000000202a8000 Uncommon trap: reason=class_check action=maybe_recompile pc=0x000000000319b59c method=com.google.common.cache.LocalCache$Segment.get(Ljava/lang/Object;I)Ljava/lang/Object; @ 14
Event: 14.307 Thread 0x00000000202a8000 Uncommon trap: reason=class_check action=maybe_recompile pc=0x000000000319b59c method=com.google.common.cache.LocalCache$Segment.get(Ljava/lang/Object;I)Ljava/lang/Object; @ 14
Event: 14.367 Thread 0x00000000202a8000 Uncommon trap: reason=unstable_if action=reinterpret pc=0x0000000003d3ed4c method=java.util.concurrent.ConcurrentLinkedQueue.offer(Ljava/lang/Object;)Z @ 40
Event: 14.388 Thread 0x00000000202a8000 Uncommon trap: reason=unstable_if action=reinterpret pc=0x0000000002e191b8 method=com.google.common.cache.LocalCache.isExpired(Lcom/google/common/cache/ReferenceEntry;J)Z @ 9
Event: 14.421 Thread 0x00000000202a8000 Uncommon trap: reason=unstable_if action=reinterpret pc=0x000000000351d4dc method=java.lang.AbstractStringBuilder.append(I)Ljava/lang/AbstractStringBuilder; @ 16
Event: 14.471 Thread 0x000000001cf0b000 Uncommon trap: reason=class_check action=maybe_recompile pc=0x0000000003841d64 method=java.lang.Character.toUpperCase(I)I @ 5
Event: 14.471 Thread 0x000000001cf0b000 Uncommon trap: reason=class_check action=maybe_recompile pc=0x0000000003841d64 method=java.lang.Character.toUpperCase(I)I @ 5
Event: 14.471 Thread 0x000000001cf0b000 Uncommon trap: reason=class_check action=maybe_recompile pc=0x0000000003841d64 method=java.lang.Character.toUpperCase(I)I @ 5
Event: 14.471 Thread 0x000000001cf0b000 Uncommon trap: reason=class_check action=maybe_recompile pc=0x0000000003841d64 method=java.lang.Character.toUpperCase(I)I @ 5
Event: 14.471 Thread 0x000000001cf0b000 Uncommon trap: reason=class_check action=maybe_recompile pc=0x0000000002d7e0e8 method=java.lang.Character.toUpperCase(I)I @ 5

Classes redefined (0 events):
No events

Internal exceptions (10 events):
Event: 13.750 Thread 0x000000001cf0f800 Exception <a 'java/lang/NoSuchMethodError': java.lang.Object.b(Lcom/android/tools/r8/graph/n1$b;)Lcom/android/tools/r8/graph/n1$b;> (0x00000000dc326dc0) thrown at [C:\src\AOSP-openjdk-git\hotspot\src\share\vm\interpreter\linkResolver.cpp, line 620]
Event: 14.038 Thread 0x000000001cf0f800 Exception <a 'sun/nio/fs/WindowsException'> (0x00000000de1cf5a8) thrown at [C:\src\AOSP-openjdk-git\hotspot\src\share\vm\prims\jni.cpp, line 710]
Event: 14.038 Thread 0x000000001cf0f800 Exception <a 'sun/nio/fs/WindowsException'> (0x00000000de1cfff8) thrown at [C:\src\AOSP-openjdk-git\hotspot\src\share\vm\prims\jni.cpp, line 710]
Event: 14.038 Thread 0x000000001cf0f800 Exception <a 'sun/nio/fs/WindowsException'> (0x00000000de1d0538) thrown at [C:\src\AOSP-openjdk-git\hotspot\src\share\vm\prims\jni.cpp, line 710]
Event: 14.038 Thread 0x000000001cf0f800 Exception <a 'sun/nio/fs/WindowsException'> (0x00000000de1d1360) thrown at [C:\src\AOSP-openjdk-git\hotspot\src\share\vm\prims\jni.cpp, line 710]
Event: 14.038 Thread 0x000000001cf0f800 Exception <a 'sun/nio/fs/WindowsException'> (0x00000000de1d1890) thrown at [C:\src\AOSP-openjdk-git\hotspot\src\share\vm\prims\jni.cpp, line 710]
Event: 14.038 Thread 0x000000001cf0f800 Exception <a 'sun/nio/fs/WindowsException'> (0x00000000de1d26a8) thrown at [C:\src\AOSP-openjdk-git\hotspot\src\share\vm\prims\jni.cpp, line 710]
Event: 14.056 Thread 0x000000001cf0f800 Exception <a 'sun/nio/fs/WindowsException'> (0x00000000de1e4600) thrown at [C:\src\AOSP-openjdk-git\hotspot\src\share\vm\prims\jni.cpp, line 710]
Event: 14.062 Thread 0x000000001cf0f800 Exception <a 'sun/nio/fs/WindowsException'> (0x00000000de1ebae0) thrown at [C:\src\AOSP-openjdk-git\hotspot\src\share\vm\prims\jni.cpp, line 710]
Event: 14.422 Thread 0x00000000202a8000 Exception <a 'java/lang/NoSuchMethodError': <clinit>> (0x00000000e03342c8) thrown at [C:\src\AOSP-openjdk-git\hotspot\src\share\vm\prims\jni.cpp, line 1615]

Events (10 events):
Event: 14.471 Thread 0x000000001cf0b000 DEOPT PACKING pc=0x0000000002d7e0e8 sp=0x000000002df5dc00
Event: 14.471 Thread 0x000000001cf0b000 DEOPT UNPACKING pc=0x0000000002b0557b sp=0x000000002df5dba0 mode 2
Event: 14.471 loading class com/android/builder/dexing/DirDexArchive
Event: 14.471 loading class com/android/builder/dexing/DirDexArchive done
Event: 14.475 loading class com/android/builder/dexing/DexArchiveEntry
Event: 14.475 loading class com/android/builder/dexing/DexArchiveEntry done
Event: 14.477 loading class com/android/tools/r8/origin/Origin
Event: 14.477 loading class com/android/tools/r8/origin/Origin done
Event: 14.477 loading class com/android/tools/r8/D8Command$Builder
Event: 14.477 loading class com/android/tools/r8/D8Command$Builder done


Dynamic libraries:
0x00007ff6f7af0000 - 0x00007ff6f7b21000 	C:\Program Files\Android\Android Studio\jre\bin\java.exe
0x00007ffabfb40000 - 0x00007ffabfd30000 	C:\WINDOWS\SYSTEM32\ntdll.dll
0x00007ffabe8b0000 - 0x00007ffabe962000 	C:\WINDOWS\System32\KERNEL32.DLL
0x00007ffabcd40000 - 0x00007ffabcfe5000 	C:\WINDOWS\System32\KERNELBASE.dll
0x00007ffabdc50000 - 0x00007ffabdcf3000 	C:\WINDOWS\System32\ADVAPI32.dll
0x00007ffabf670000 - 0x00007ffabf70e000 	C:\WINDOWS\System32\msvcrt.dll
0x00007ffabf8b0000 - 0x00007ffabf947000 	C:\WINDOWS\System32\sechost.dll
0x00007ffabf710000 - 0x00007ffabf830000 	C:\WINDOWS\System32\RPCRT4.dll
0x00007ffabe970000 - 0x00007ffabeb04000 	C:\WINDOWS\System32\USER32.dll
0x00007ffabcff0000 - 0x00007ffabd011000 	C:\WINDOWS\System32\win32u.dll
0x00007ffabeb70000 - 0x00007ffabeb96000 	C:\WINDOWS\System32\GDI32.dll
0x00007ffabcb40000 - 0x00007ffabccd6000 	C:\WINDOWS\System32\gdi32full.dll
0x00007ffabd1f0000 - 0x00007ffabd28e000 	C:\WINDOWS\System32\msvcp_win.dll
0x00007ffabd040000 - 0x00007ffabd13a000 	C:\WINDOWS\System32\ucrtbase.dll
0x00007ffaa17f0000 - 0x00007ffaa1a74000 	C:\WINDOWS\WinSxS\amd64_microsoft.windows.common-controls_6595b64144ccf1df_6.0.18362.1198_none_9e820b57e45ad92f\COMCTL32.dll
0x00007ffabdd40000 - 0x00007ffabe075000 	C:\WINDOWS\System32\combase.dll
0x00007ffabcac0000 - 0x00007ffabcb40000 	C:\WINDOWS\System32\bcryptPrimitives.dll
0x00007ffabdd10000 - 0x00007ffabdd3e000 	C:\WINDOWS\System32\IMM32.DLL
0x00000000616b0000 - 0x0000000061782000 	C:\Program Files\Android\Android Studio\jre\jre\bin\msvcr100.dll
0x0000000060c40000 - 0x000000006148b000 	C:\Program Files\Android\Android Studio\jre\jre\bin\server\jvm.dll
0x00007ffabdd00000 - 0x00007ffabdd08000 	C:\WINDOWS\System32\PSAPI.DLL
0x00007ffab5fe0000 - 0x00007ffab5fea000 	C:\WINDOWS\SYSTEM32\VERSION.dll
0x00007ffab9730000 - 0x00007ffab9739000 	C:\WINDOWS\SYSTEM32\WSOCK32.dll
0x00007ffab47b0000 - 0x00007ffab47d4000 	C:\WINDOWS\SYSTEM32\WINMM.dll
0x00007ffabf950000 - 0x00007ffabf9bf000 	C:\WINDOWS\System32\WS2_32.dll
0x00007ffab4570000 - 0x00007ffab459d000 	C:\WINDOWS\SYSTEM32\WINMMBASE.dll
0x00007ffabdba0000 - 0x00007ffabdbea000 	C:\WINDOWS\System32\cfgmgr32.dll
0x00007ffab96f0000 - 0x00007ffab96ff000 	C:\Program Files\Android\Android Studio\jre\jre\bin\verify.dll
0x00007ffab7970000 - 0x00007ffab7999000 	C:\Program Files\Android\Android Studio\jre\jre\bin\java.dll
0x00007ffab8fc0000 - 0x00007ffab8fd6000 	C:\Program Files\Android\Android Studio\jre\jre\bin\zip.dll
0x00007ffabef80000 - 0x00007ffabf667000 	C:\WINDOWS\System32\SHELL32.dll
0x00007ffabeba0000 - 0x00007ffabec49000 	C:\WINDOWS\System32\shcore.dll
0x00007ffabd290000 - 0x00007ffabda11000 	C:\WINDOWS\System32\windows.storage.dll
0x00007ffabca00000 - 0x00007ffabca23000 	C:\WINDOWS\System32\profapi.dll
0x00007ffabca70000 - 0x00007ffabcaba000 	C:\WINDOWS\System32\powrprof.dll
0x00007ffabc9f0000 - 0x00007ffabca00000 	C:\WINDOWS\System32\UMPDC.dll
0x00007ffabeb10000 - 0x00007ffabeb62000 	C:\WINDOWS\System32\shlwapi.dll
0x00007ffabca30000 - 0x00007ffabca41000 	C:\WINDOWS\System32\kernel.appcore.dll
0x00007ffabd020000 - 0x00007ffabd037000 	C:\WINDOWS\System32\cryptsp.dll
0x00007ffab6c50000 - 0x00007ffab6c6a000 	C:\Program Files\Android\Android Studio\jre\jre\bin\net.dll
0x00007ffabc1e0000 - 0x00007ffabc247000 	C:\WINDOWS\system32\mswsock.dll
0x00007ffab6c30000 - 0x00007ffab6c43000 	C:\Program Files\Android\Android Studio\jre\jre\bin\nio.dll
0x00007ffab8cb0000 - 0x00007ffab8cd7000 	C:\Users\Марго\.gradle\native\f6784746aeab05261644944871eae4fe03e0ef1612fff0a4a95f87b438bc6780\windows-amd64\native-platform.dll
0x00007ffab8c60000 - 0x00007ffab8c6d000 	C:\Program Files\Android\Android Studio\jre\jre\bin\management.dll
0x00007ffabbd50000 - 0x00007ffabbd83000 	C:\WINDOWS\system32\rsaenh.dll
0x00007ffabdb70000 - 0x00007ffabdb96000 	C:\WINDOWS\System32\bcrypt.dll
0x00007ffabc8d0000 - 0x00007ffabc8f5000 	C:\WINDOWS\SYSTEM32\USERENV.dll
0x00007ffabc3b0000 - 0x00007ffabc3bc000 	C:\WINDOWS\SYSTEM32\CRYPTBASE.dll
0x00007ffabbef0000 - 0x00007ffabbf2a000 	C:\WINDOWS\SYSTEM32\IPHLPAPI.DLL
0x00007ffabfaf0000 - 0x00007ffabfaf8000 	C:\WINDOWS\System32\NSI.dll
0x00007ffab5870000 - 0x00007ffab5886000 	C:\WINDOWS\SYSTEM32\dhcpcsvc6.DLL
0x00007ffab58b0000 - 0x00007ffab58cc000 	C:\WINDOWS\SYSTEM32\dhcpcsvc.DLL
0x00007ffabbf30000 - 0x00007ffabbffb000 	C:\WINDOWS\SYSTEM32\DNSAPI.dll
0x00007ffab5d20000 - 0x00007ffab5d2b000 	C:\WINDOWS\SYSTEM32\WINNSI.DLL

VM Arguments:
jvm_args: -Xmx2048m -Dfile.encoding=UTF-8 -Duser.country=RU -Duser.language=ru -Duser.variant 
java_command: org.gradle.launcher.daemon.bootstrap.GradleDaemon 6.5
java_class_path (initial): C:\Users\Марго\.gradle\wrapper\dists\gradle-6.5-bin\6nifqtx7604sqp1q6g8wikw7p\gradle-6.5\lib\gradle-launcher-6.5.jar
Launcher Type: SUN_STANDARD

Environment Variables:
PATH=C:\WINDOWS\system32;C:\WINDOWS;C:\WINDOWS\System32\Wbem;C:\WINDOWS\System32\WindowsPowerShell\v1.0\;C:\WINDOWS\System32\OpenSSH\;C:\Program Files\Microsoft SQL Server\Client SDK\ODBC\130\Tools\Binn\;C:\Program Files (x86)\Microsoft SQL Server\140\Tools\Binn\;C:\Program Files\Microsoft SQL Server\140\Tools\Binn\;C:\Program Files\Microsoft SQL Server\140\DTS\Binn\;C:\Program Files (x86)\Microsoft SQL Server\150\DTS\Binn\;C:\Program Files\Microsoft SQL Server\130\Tools\Binn\;C:\Program Files\Microsoft SQL Server\Client SDK\ODBC\170\Tools\Binn\;C:\Program Files\dotnet\;C:\Program Files\Git\cmd;C:\Program Files (x86)\NVIDIA Corporation\PhysX\Common;C:\Users\Марго\AppData\Local\Microsoft\WindowsApps;;Q:\Microsoft VS Code\bin;C:\Users\Марго\.dotnet\tools
USERNAME=Марго
OS=Windows_NT
PROCESSOR_IDENTIFIER=AMD64 Family 23 Model 24 Stepping 1, AuthenticAMD



---------------  S Y S T E M  ---------------

OS: Windows 10.0 , 64 bit Build 18362 (10.0.18362.1110)

CPU:total 8 (initial active 8) (8 cores per cpu, 1 threads per core) family 23 model 24 stepping 1, cmov, cx8, fxsr, mmx, sse, sse2, sse3, ssse3, sse4.1, sse4.2, popcnt, avx, avx2, aes, clmul, mmxext, 3dnowpref, lzcnt, sse4a, tsc, tscinvbit, tscinv, bmi1

Memory: 4k page, physical 6228620k(467724k free), swap 8293004k(5132k free)

vm_info: OpenJDK 64-Bit Server VM (25.242-b01) for windows-amd64 JRE (1.8.0_242-release-1644-b01), built by "builder" with MS VC++ 10.0 (VS2010)

time: Fri Nov 20 18:20:13 2020
timezone: Новосибирское стандартное время
elapsed time: 14 seconds (0d 0h 0m 14s)

